Build started 2013/3/4 15:21:22.
     1>Project "E:\Documents\Projects\VisualStudio\FloodingSkl\FloodingSkl\FloodingSkl.vcxproj" on node 2 (Build target(s)).
     1>ClCompile:
         C:\Program Files\Microsoft Visual Studio 11.0\VC\bin\CL.exe /c /ZI /nologo /W3 /WX- /Od /Oy- /D WIN32 /D _DEBUG /D _CONSOLE /D _UNICODE /D UNICODE /Gm /EHsc /RTC1 /MDd /GS /fp:precise /Zc:wchar_t /Zc:forScope /Fo"Debug\\" /Fd"Debug\vc110.pdb" /Gd /TP /analyze- /errorReport:prompt LineSkl.cpp
         LineSkl.cpp
     1>e:\documents\projects\visualstudio\floodingskl\floodingskl\lineskl.cpp(13): warning C4305: 'initializing' : truncation from 'double' to 'const float'
     1>e:\documents\projects\visualstudio\floodingskl\floodingskl\lineskl.cpp(170): warning C4305: '=' : truncation from 'double' to 'float'
     1>e:\documents\projects\visualstudio\floodingskl\floodingskl\lineskl.cpp(171): warning C4305: '=' : truncation from 'double' to 'float'
     1>e:\documents\projects\visualstudio\floodingskl\floodingskl\lineskl.cpp(284): warning C4244: '=' : conversion from 'float' to 'int', possible loss of data
     1>e:\documents\projects\visualstudio\floodingskl\floodingskl\lineskl.cpp(285): warning C4244: '=' : conversion from 'float' to 'int', possible loss of data
     1>e:\documents\projects\visualstudio\floodingskl\floodingskl\lineskl.cpp(286): warning C4244: '=' : conversion from 'float' to 'int', possible loss of data
     1>e:\documents\projects\visualstudio\floodingskl\floodingskl\lineskl.cpp(363): warning C4018: '<' : signed/unsigned mismatch
     1>e:\documents\projects\visualstudio\floodingskl\floodingskl\lineskl.cpp(432): warning C4018: '<' : signed/unsigned mismatch
     1>e:\documents\projects\visualstudio\floodingskl\floodingskl\lineskl.cpp(490): warning C4018: '<' : signed/unsigned mismatch
     1>e:\documents\projects\visualstudio\floodingskl\floodingskl\lineskl.cpp(501): warning C4018: '<' : signed/unsigned mismatch
     1>e:\documents\projects\visualstudio\floodingskl\floodingskl\lineskl.cpp(504): warning C4018: '<' : signed/unsigned mismatch
     1>e:\documents\projects\visualstudio\floodingskl\floodingskl\lineskl.cpp(511): warning C4018: '<' : signed/unsigned mismatch
     1>e:\documents\projects\visualstudio\floodingskl\floodingskl\lineskl.cpp(515): warning C4018: '<' : signed/unsigned mismatch
     1>e:\documents\projects\visualstudio\floodingskl\floodingskl\lineskl.cpp(522): warning C4018: '<' : signed/unsigned mismatch
     1>e:\documents\projects\visualstudio\floodingskl\floodingskl\lineskl.cpp(530): warning C4018: '<' : signed/unsigned mismatch
     1>e:\documents\projects\visualstudio\floodingskl\floodingskl\lineskl.cpp(592): warning C4018: '<' : signed/unsigned mismatch
     1>e:\documents\projects\visualstudio\floodingskl\floodingskl\lineskl.cpp(615): warning C4244: 'argument' : conversion from 'int' to 'float', possible loss of data
     1>e:\documents\projects\visualstudio\floodingskl\floodingskl\lineskl.cpp(623): warning C4244: 'argument' : conversion from 'int' to 'float', possible loss of data
     1>e:\documents\projects\visualstudio\floodingskl\floodingskl\lineskl.cpp(640): warning C4018: '<' : signed/unsigned mismatch
     1>e:\documents\projects\visualstudio\floodingskl\floodingskl\lineskl.cpp(687): warning C4018: '<' : signed/unsigned mismatch
     1>e:\documents\projects\visualstudio\floodingskl\floodingskl\lineskl.cpp(707): warning C4018: '<' : signed/unsigned mismatch
     1>e:\documents\projects\visualstudio\floodingskl\floodingskl\lineskl.cpp(715): warning C4018: '<' : signed/unsigned mismatch
     1>e:\documents\projects\visualstudio\floodingskl\floodingskl\lineskl.cpp(725): warning C4018: '<' : signed/unsigned mismatch
     1>e:\documents\projects\visualstudio\floodingskl\floodingskl\lineskl.cpp(735): warning C4018: '<' : signed/unsigned mismatch
       Link:
         C:\Program Files\Microsoft Visual Studio 11.0\VC\bin\link.exe /ERRORREPORT:PROMPT /OUT:"E:\Documents\Projects\VisualStudio\FloodingSkl\Debug\FloodingSkl.exe" /INCREMENTAL /NOLOGO C:\sdks\opencv\build\x86\vc11\lib\Release\opencv_calib3d244.lib C:\sdks\opencv\build\x86\vc11\lib\Release\opencv_contrib244.lib C:\sdks\opencv\build\x86\vc11\lib\Release\opencv_core244.lib C:\sdks\opencv\build\x86\vc11\lib\Release\opencv_features2d244.lib C:\sdks\opencv\build\x86\vc11\lib\Release\opencv_flann244.lib C:\sdks\opencv\build\x86\vc11\lib\Release\opencv_gpu244.lib C:\sdks\opencv\build\x86\vc11\lib\Release\opencv_haartraining_engine.lib C:\sdks\opencv\build\x86\vc11\lib\Release\opencv_highgui244.lib C:\sdks\opencv\build\x86\vc11\lib\Release\opencv_imgproc244.lib C:\sdks\opencv\build\x86\vc11\lib\Release\opencv_legacy244.lib C:\sdks\opencv\build\x86\vc11\lib\Release\opencv_ml244.lib C:\sdks\opencv\build\x86\vc11\lib\Release\opencv_nonfree244.lib C:\sdks\opencv\build\x86\vc11\lib\Release\opencv_objdetect244.lib C:\sdks\opencv\build\x86\vc11\lib\Release\opencv_photo244.lib C:\sdks\opencv\build\x86\vc11\lib\Release\opencv_stitching244.lib C:\sdks\opencv\build\x86\vc11\lib\Release\opencv_ts244.lib C:\sdks\opencv\build\x86\vc11\install\lib\opencv_videostab244.lib kernel32.lib user32.lib gdi32.lib winspool.lib comdlg32.lib advapi32.lib shell32.lib ole32.lib oleaut32.lib uuid.lib odbc32.lib odbccp32.lib /MANIFEST /MANIFESTUAC:"level='asInvoker' uiAccess='false'" /manifest:embed /DEBUG /PDB:"E:\Documents\Projects\VisualStudio\FloodingSkl\Debug\FloodingSkl.pdb" /SUBSYSTEM:CONSOLE /TLBID:1 /DYNAMICBASE /NXCOMPAT /IMPLIB:"E:\Documents\Projects\VisualStudio\FloodingSkl\Debug\FloodingSkl.lib" /MACHINE:X86 Debug\LineSkl.obj
         FloodingSkl.vcxproj -> E:\Documents\Projects\VisualStudio\FloodingSkl\Debug\FloodingSkl.exe
     1>Done Building Project "E:\Documents\Projects\VisualStudio\FloodingSkl\FloodingSkl\FloodingSkl.vcxproj" (Build target(s)).

Build succeeded.

Time Elapsed 00:00:03.61
